build/app/intermediates/manifest_merge_blame_file/release/manifest-merger-blame-release-report.txt
1<?xml version="1.0" encoding="utf-8"?>
2<manifest xmlns:android="http://schemas.android.com/apk/res/android"
3    package="com.feverTracking.app"
4    android:versionCode="3"
5    android:versionName="1.0.0" >
6
7    <uses-sdk
8        android:minSdkVersion="21"
8-->src\main\AndroidManifest.xml
9        android:targetSdkVersion="31" />
9-->src\main\AndroidManifest.xml
10    <!--
11         io.flutter.app.FlutterApplication is an android.app.Application that
12         calls FlutterMain.startInitialization(this); in its onCreate method.
13         In most cases you can leave this as-is, but you if you want to provide
14         additional functionality it is fine to subclass or reimplement
15         FlutterApplication and put your custom class here.
16    -->
17    <uses-permission android:name="android.permission.INTERNET" />
17-->src\main\AndroidManifest.xml:8:5-67
17-->src\main\AndroidManifest.xml:8:22-64
18    <uses-permission android:name="android.permission.WRITE_EXTERNAL_STORAGE" />
18-->src\main\AndroidManifest.xml:9:5-80
18-->src\main\AndroidManifest.xml:9:22-78
19    <uses-permission android:name="android.permission.READ_EXTERNAL_STORAGE" />
19-->src\main\AndroidManifest.xml:10:5-80
19-->src\main\AndroidManifest.xml:10:22-77
20    <uses-permission android:name="android.permission.MANAGE_DOCUMENTS" />
20-->src\main\AndroidManifest.xml:11:5-75
20-->src\main\AndroidManifest.xml:11:22-72
21    <uses-permission android:name="android.permission.MANAGE_EXTERNAL_STORAGE" />
21-->src\main\AndroidManifest.xml:12:5-82
21-->src\main\AndroidManifest.xml:12:22-79
22    <uses-permission android:name="android.permission.MEDIA_CONTENT_CONTROL" />
22-->src\main\AndroidManifest.xml:13:5-80
22-->src\main\AndroidManifest.xml:13:22-77
23
24    <application
25        android:name="android.app.Application"
25-->src\main\AndroidManifest.xml:20:9-42
26        android:appComponentFactory="androidx.core.app.CoreComponentFactory"
26-->[androidx.core:core:1.6.0] AndroidManifest.xml:24:18-86
27        android:icon="@mipmap/ic_launcher"
27-->src\main\AndroidManifest.xml:22:9-43
28        android:label="Fever Tracking"
28-->src\main\AndroidManifest.xml:21:9-39
29        android:requestLegacyExternalStorage="true" >
29-->src\main\AndroidManifest.xml:19:9-52
30        <activity
30-->src\main\AndroidManifest.xml:26:9-54:20
31            android:name="com.feverTracking.app.MainActivity"
31-->src\main\AndroidManifest.xml:27:13-41
32            android:configChanges="orientation|keyboardHidden|keyboard|screenSize|smallestScreenSize|locale|layoutDirection|fontScale|screenLayout|density|uiMode"
32-->src\main\AndroidManifest.xml:30:13-163
33            android:hardwareAccelerated="true"
33-->src\main\AndroidManifest.xml:31:13-47
34            android:launchMode="singleTop"
34-->src\main\AndroidManifest.xml:28:13-43
35            android:theme="@style/LaunchTheme"
35-->src\main\AndroidManifest.xml:29:13-47
36            android:windowSoftInputMode="adjustResize" >
36-->src\main\AndroidManifest.xml:32:13-55
37
38            <!--
39                 Specifies an Android theme to apply to this Activity as soon as
40                 the Android process has started. This theme is visible to the user
41                 while the Flutter UI initializes. After that, this theme continues
42                 to determine the Window background behind the Flutter UI.
43            -->
44            <meta-data
44-->src\main\AndroidManifest.xml:37:13-40:17
45                android:name="io.flutter.embedding.android.NormalTheme"
45-->src\main\AndroidManifest.xml:38:15-70
46                android:resource="@style/NormalTheme" />
46-->src\main\AndroidManifest.xml:39:15-52
47            <!--
48                 Displays an Android View that continues showing the launch screen
49                 Drawable until Flutter paints its first frame, then this splash
50                 screen fades out. A splash screen is useful to avoid any visual
51                 gap between the end of Android's launch screen and the painting of
52                 Flutter's first frame.
53            -->
54            <meta-data
54-->src\main\AndroidManifest.xml:46:13-49:17
55                android:name="io.flutter.embedding.android.SplashScreenDrawable"
55-->src\main\AndroidManifest.xml:47:15-79
56                android:resource="@drawable/launch_background" />
56-->src\main\AndroidManifest.xml:48:15-61
57
58            <intent-filter>
58-->src\main\AndroidManifest.xml:50:13-53:29
59                <action android:name="android.intent.action.MAIN" />
59-->src\main\AndroidManifest.xml:51:17-68
59-->src\main\AndroidManifest.xml:51:25-66
60
61                <category android:name="android.intent.category.LAUNCHER" />
61-->src\main\AndroidManifest.xml:52:17-76
61-->src\main\AndroidManifest.xml:52:27-74
62            </intent-filter>
63        </activity>
64        <!--
65             Don't delete the meta-data below.
66             This is used by the Flutter tool to generate GeneratedPluginRegistrant.java
67        -->
68        <meta-data
68-->src\main\AndroidManifest.xml:57:9-59:33
69            android:name="flutterEmbedding"
69-->src\main\AndroidManifest.xml:58:13-44
70            android:value="2" />
70-->src\main\AndroidManifest.xml:59:13-30
71
72        <provider
72-->[:image_picker] AndroidManifest.xml:11:9-19:20
73            android:name="io.flutter.plugins.imagepicker.ImagePickerFileProvider"
73-->[:image_picker] AndroidManifest.xml:12:13-82
74            android:authorities="com.feverTracking.app.flutter.image_provider"
74-->[:image_picker] AndroidManifest.xml:13:13-74
75            android:exported="false"
75-->[:image_picker] AndroidManifest.xml:14:13-37
76            android:grantUriPermissions="true" >
76-->[:image_picker] AndroidManifest.xml:15:13-47
77            <meta-data
77-->[:image_picker] AndroidManifest.xml:16:13-18:75
78                android:name="android.support.FILE_PROVIDER_PATHS"
78-->[:image_picker] AndroidManifest.xml:17:17-67
79                android:resource="@xml/flutter_image_picker_file_paths" />
79-->[:image_picker] AndroidManifest.xml:18:17-72
80        </provider>
81        <provider
81-->[:share] AndroidManifest.xml:8:9-16:20
82            android:name="io.flutter.plugins.share.ShareFileProvider"
82-->[:share] AndroidManifest.xml:9:13-70
83            android:authorities="com.feverTracking.app.flutter.share_provider"
83-->[:share] AndroidManifest.xml:10:13-74
84            android:exported="false"
84-->[:share] AndroidManifest.xml:11:13-37
85            android:grantUriPermissions="true" >
85-->[:share] AndroidManifest.xml:12:13-47
86            <meta-data
86-->[:image_picker] AndroidManifest.xml:16:13-18:75
87                android:name="android.support.FILE_PROVIDER_PATHS"
87-->[:image_picker] AndroidManifest.xml:17:17-67
88                android:resource="@xml/flutter_share_file_paths" />
88-->[:image_picker] AndroidManifest.xml:18:17-72
89        </provider>
90
91        <uses-library
91-->[androidx.window:window:1.0.0-beta04] AndroidManifest.xml:25:9-27:40
92            android:name="androidx.window.extensions"
92-->[androidx.window:window:1.0.0-beta04] AndroidManifest.xml:26:13-54
93            android:required="false" />
93-->[androidx.window:window:1.0.0-beta04] AndroidManifest.xml:27:13-37
94        <uses-library
94-->[androidx.window:window:1.0.0-beta04] AndroidManifest.xml:28:9-30:40
95            android:name="androidx.window.sidecar"
95-->[androidx.window:window:1.0.0-beta04] AndroidManifest.xml:29:13-51
96            android:required="false" />
96-->[androidx.window:window:1.0.0-beta04] AndroidManifest.xml:30:13-37
97
98        <activity
98-->[com.google.android.gms:play-services-auth:20.4.1] AndroidManifest.xml:23:9-27:75
99            android:name="com.google.android.gms.auth.api.signin.internal.SignInHubActivity"
99-->[com.google.android.gms:play-services-auth:20.4.1] AndroidManifest.xml:24:13-93
100            android:excludeFromRecents="true"
100-->[com.google.android.gms:play-services-auth:20.4.1] AndroidManifest.xml:25:13-46
101            android:exported="false"
101-->[com.google.android.gms:play-services-auth:20.4.1] AndroidManifest.xml:26:13-37
102            android:theme="@android:style/Theme.Translucent.NoTitleBar" />
102-->[com.google.android.gms:play-services-auth:20.4.1] AndroidManifest.xml:27:13-72
103        <!--
104            Service handling Google Sign-In user revocation. For apps that do not integrate with
105            Google Sign-In, this service will never be started.
106        -->
107        <service
107-->[com.google.android.gms:play-services-auth:20.4.1] AndroidManifest.xml:33:9-37:51
108            android:name="com.google.android.gms.auth.api.signin.RevocationBoundService"
108-->[com.google.android.gms:play-services-auth:20.4.1] AndroidManifest.xml:34:13-89
109            android:exported="true"
109-->[com.google.android.gms:play-services-auth:20.4.1] AndroidManifest.xml:35:13-36
110            android:permission="com.google.android.gms.auth.api.signin.permission.REVOCATION_NOTIFICATION"
110-->[com.google.android.gms:play-services-auth:20.4.1] AndroidManifest.xml:36:13-107
111            android:visibleToInstantApps="true" />
111-->[com.google.android.gms:play-services-auth:20.4.1] AndroidManifest.xml:37:13-48
112
113        <activity
113-->[com.google.android.gms:play-services-base:18.0.1] AndroidManifest.xml:20:9-22:45
114            android:name="com.google.android.gms.common.api.GoogleApiActivity"
114-->[com.google.android.gms:play-services-base:18.0.1] AndroidManifest.xml:20:19-85
115            android:exported="false"
115-->[com.google.android.gms:play-services-base:18.0.1] AndroidManifest.xml:22:19-43
116            android:theme="@android:style/Theme.Translucent.NoTitleBar" />
116-->[com.google.android.gms:play-services-base:18.0.1] AndroidManifest.xml:21:19-78
117
118        <meta-data
118-->[com.google.android.gms:play-services-basement:18.1.0] AndroidManifest.xml:21:9-23:69
119            android:name="com.google.android.gms.version"
119-->[com.google.android.gms:play-services-basement:18.1.0] AndroidManifest.xml:22:13-58
120            android:value="@integer/google_play_services_version" />
120-->[com.google.android.gms:play-services-basement:18.1.0] AndroidManifest.xml:23:13-66
121    </application>
122
123</manifest>